<?xml version="1.0" encoding="UTF-8"?>
<!-- Generated by org.testng.reporters.JUnitReportReporter -->
<testsuite hostname="Rohit_kumar" failures="0" tests="9" name="api.test.DDTests" time="11.445" errors="0" timestamp="2024-10-18T19:35:58 IST" skipped="0">
  <testcase classname="api.test.DDTests" name="testPostUser" time="1.101"/>
  <testcase classname="api.test.DDTests" name="testPostUser" time="1.092"/>
  <testcase classname="api.test.DDTests" name="testPostUser" time="2.535"/>
  <testcase classname="api.test.DDTests" name="testGetuserByName" time="1.146"/>
  <testcase classname="api.test.DDTests" name="testGetuserByName" time="1.117"/>
  <testcase classname="api.test.DDTests" name="testGetuserByName" time="1.159"/>
  <testcase classname="api.test.DDTests" name="testDeleteuserByName" time="1.117"/>
  <testcase classname="api.test.DDTests" name="testDeleteuserByName" time="1.084"/>
  <testcase classname="api.test.DDTests" name="testDeleteuserByName" time="1.094"/>
</testsuite> <!-- api.test.DDTests -->
