<?xml version="1.0" encoding="UTF-8"?>
<!-- Generated by org.testng.reporters.JUnitReportReporter -->
<testsuite hostname="Rohit_kumar" failures="0" tests="4" name="api.test.UserTests" time="7.273" errors="0" timestamp="2024-10-18T19:26:58 IST" skipped="0">
  <testcase classname="api.test.UserTests" name="testPostUser" time="2.680"/>
  <testcase classname="api.test.UserTests" name="testGetUserByName" time="1.155"/>
  <testcase classname="api.test.UserTests" name="testUpdateUserByName" time="2.306"/>
  <testcase classname="api.test.UserTests" name="testDeleteUserByName" time="1.132"/>
</testsuite> <!-- api.test.UserTests -->
