<?xml version="1.0" encoding="UTF-8"?>
<!-- Generated by org.testng.reporters.JUnitReportReporter -->
<testsuite hostname="Rohit_kumar" failures="0" tests="4" name="api.test.UserTests" time="5.652" errors="0" timestamp="2024-10-19T11:06:33 IST" skipped="0">
  <testcase classname="api.test.UserTests" name="testPostUser" time="1.132"/>
  <testcase classname="api.test.UserTests" name="testGetUserByName" time="1.110"/>
  <testcase classname="api.test.UserTests" name="testUpdateUserByName" time="2.280"/>
  <testcase classname="api.test.UserTests" name="testDeleteUserByName" time="1.130"/>
</testsuite> <!-- api.test.UserTests -->
