<?xml version="1.0" encoding="UTF-8"?>
<!-- Generated by org.testng.reporters.JUnitReportReporter -->
<testsuite hostname="Rohit_kumar" failures="0" tests="9" name="api.test.DDTests" time="12.056" errors="0" timestamp="2024-10-19T11:06:33 IST" skipped="0">
  <testcase classname="api.test.DDTests" name="testPostUser" time="1.154"/>
  <testcase classname="api.test.DDTests" name="testPostUser" time="3.151"/>
  <testcase classname="api.test.DDTests" name="testPostUser" time="1.086"/>
  <testcase classname="api.test.DDTests" name="testGetuserByName" time="1.145"/>
  <testcase classname="api.test.DDTests" name="testGetuserByName" time="1.115"/>
  <testcase classname="api.test.DDTests" name="testGetuserByName" time="1.109"/>
  <testcase classname="api.test.DDTests" name="testDeleteuserByName" time="1.099"/>
  <testcase classname="api.test.DDTests" name="testDeleteuserByName" time="1.110"/>
  <testcase classname="api.test.DDTests" name="testDeleteuserByName" time="1.087"/>
</testsuite> <!-- api.test.DDTests -->
